<?xml version="1.0" encoding="UTF-8"?>
<!-- Generated by org.testng.reporters.JUnitXMLReporter -->
<testsuite ignored="0" hostname="DESKTOP-C4EHALN" failures="1" tests="1" name="Testscreenshot" time="7.265" errors="0" timestamp="2024-07-29T16:20:50 IST">
  <testcase classname="takeScreenshotOfFailedTC.TestClass" name="screenshotTest4" time="0.289">
    <failure type="java.lang.AssertionError" message="expected [https://github.com/rajkayu24/seleniumTopic] but found [https://github.com/rajkayu24/seleniumTopics/]">
      <![CDATA[java.lang.AssertionError: expected [https://github.com/rajkayu24/seleniumTopic] but found [https://github.com/rajkayu24/seleniumTopics/]
at takeScreenshotOfFailedTC.TestClass.screenshotTest4(TestClass.java:26)
at java.base/java.util.ArrayList.forEach(ArrayList.java:1596)
... Removed 31 stack frames]]>
    </failure>
  </testcase> <!-- screenshotTest4 -->
</testsuite> <!-- Testscreenshot -->
